
<!DOCTYPE html>
<html>


<head>
	<meta charset='utf-8' /> 
	<meta name='description' content='' />
	<meta name='robots' content='noodp, noydir' />
	<meta name='viewport' content='width=device-width, initial-scale=1' />
	<meta id="timeStampFormat" name="timeStampFormat" content='MMM d, yyyy hh:mm:ss a'/>
	
	<link href='https://fonts.googleapis.com/css?family=Source+Sans+Pro:400,600' rel='stylesheet' type='text/css'>
	<link href="https://fonts.googleapis.com/icon?family=Material+Icons" rel="stylesheet">

		<link href='https://cdn.rawgit.com/anshooarora/extentreports-java/b4a58fcfd1e137bd9287244035a7c80d3d73b3af/dist/css/extent.css' type='text/css' rel='stylesheet' />
	
	<title>ExtentReports</title>

	<style type='text/css'>
	</style>
</head>

	<body class='extent standard default hide-overflow bdd-report'>
		<div id='theme-selector' alt='Click to toggle theme. To enable by default, use theme configuration.' title='Click to toggle theme. To enable by default, use theme configuration.'>
			<span><i class='material-icons'>desktop_windows</i></span>
		</div>

<nav>
	<div class="nav-wrapper">
		<a href="#!" class="brand-logo blue darken-3">Extent</a>

		<!-- slideout menu -->
		<ul id='slide-out' class='side-nav fixed hide-on-med-and-down'>
			<li class='waves-effect active'><a href='#!' view='test-view' onclick="configureView(0);chartsView('test');"><i class='material-icons'>dashboard</i></a></li>
						<li class='waves-effect'><a href='#!' view='category-view' onclick="configureView(1)"><i class='material-icons'>label_outline</i></a></li>
			<li class='waves-effect'><a href='#!' view='exception-view' onclick="configureView(2)"><i class='material-icons'>bug_report</i></a></li>
			<li class='waves-effect'><a href='#!' onclick="configureView(-1);chartsView('dashboard');" view='dashboard-view'><i class='material-icons'>track_changes</i></i></a></li>
		</ul>

		<!-- report name -->
		<span class='report-name'>ExtentReports</span>
		
		<!-- report headline -->
		<span class='report-headline'></span>

		<!-- nav-right -->
		<ul id='nav-mobile' class='right hide-on-med-and-down nav-right'>
			<li>
                <a href='#!'>
                    <span class='label suite-start-time blue darken-3'>May 14, 2023 07:51:09 PM</span>
				</a>
			</li>
			<li>
                <a href='#!'>
                    <span class='label blue darken-3'>3.1.2</span>
				</a>
			</li>
		</ul>
	</div>
</nav>

		<!-- container -->
		<div class='container'>

<div id='test-view' class='view'>
				
	<section id='controls'>
		<div class='controls grey lighten-4'>
			<!-- test toggle -->
			<div class='chip transparent'>
				<a class='dropdown-button tests-toggle' data-activates='tests-toggle' data-constrainwidth='true' data-beloworigin='true' data-hover='true' href='#'>
					<i class='material-icons'>warning</i> Status
				</a>
				<ul id='tests-toggle' class='dropdown-content'>
											<li status='pass'><a href='#!'>Pass <i class='material-icons green-text'>check_circle</i></a></li>
						<li status='fail'><a href='#!'>Fail <i class='material-icons red-text'>cancel</i></a></li>
						<li status='skip'><a href='#!'>Skip <i class='material-icons cyan-text'>redo</i></a></li>
					<li class='divider'></li>
					<li status='clear' clear='true'><a href='#!'>Clear Filters <i class='material-icons'>clear</i></a></li>
				</ul>
			</div>
			<!-- test toggle -->

			<!-- category toggle -->
			<div class='chip transparent'>
				<a class='dropdown-button category-toggle' data-activates='category-toggle' data-constrainwidth='false' data-beloworigin='true' data-hover='true' href='#'>
					<i class='material-icons'>local_offer</i> Category
				</a>
				<ul id='category-toggle' class='dropdown-content'>
					<li><a href='#'>@sanity</a></li>
					<li class='divider'></li>
					<li class='clear'><a href='#!' clear='true'>Clear Filters</a></li>
				</ul>
			</div>
			<!-- category toggle -->

			<!-- clear filters -->
			<div class='chip transparent hide'>
				<a class='' id='clear-filters' alt='Clear Filters' title='Clear Filters'>
					<i class='material-icons'>close</i> Clear
				</a>
			</div>
			<!-- clear filters -->

			<!-- enable dashboard -->
			<div id='toggle-test-view-charts' class='chip transparent'>
				<a class='pink-text' id='enable-dashboard' alt='Enable Dashboard' title='Enable Dashboard'>
					<i class='material-icons'>track_changes</i> Dashboard
				</a>
			</div>
			<!-- enable dashboard -->

			<!-- search -->
			<div class='chip transparent' alt='Search Tests' title='Search Tests'>
				<a href="#" class='search-div'>
					<i class='material-icons'>search</i> Search
				</a>

				<div class='input-field left hide'>
					<input id='search-tests' type='text' class='validate browser-default' placeholder='Search Tests...'>
				</div>
				
			</div>
			<!-- search -->
		</div>
	</section>


<div id='test-view-charts' class='subview-full'>
	<div id='charts-row' class='row nm-v nm-h'>
		<div class='col s12 m4 l4 np-h'>
			<div class='card-panel nm-v'>
				<div class='left panel-name'>Features</div>
				<div class='chart-box'>
					<canvas id='parent-analysis' width='100' height='80'></canvas>
				</div>
				<div class='block text-small'>
					<span class='tooltipped' data-position='top' data-tooltip='0%'><span class='strong'>0</span> feature(s) passed</span>
				</div>
				<div class='block text-small'>
					<span class='strong tooltipped' data-position='top' data-tooltip='100%'>1</span> feature(s) failed, <span class='strong tooltipped' data-position='top' data-tooltip='0%'>0</span> others
				</div>
			</div>
		</div>
		
		<div class='col s12 m4 l4 np-h'>
			<div class='card-panel nm-v'>
				<div class='left panel-name'>Scenarios</div>
				<div class='chart-box'>
					<canvas id='child-analysis' width='100' height='80'></canvas>
				</div>
				<div class='block text-small'>
					<span class='tooltipped' data-position='top' data-tooltip='0%'><span class='strong'>0</span> scenario(s) passed</span>
				</div>
				<div class='block text-small'>
					<span class='strong tooltipped' data-position='top' data-tooltip='85.714%'>6</span> scenario(s) failed, <span class='strong tooltipped' data-position='top' data-tooltip='14.286%'>1</span> others
				</div>
			</div>
		</div>
		
		<div class='col s12 m4 l4 np-h'>
			<div class='card-panel nm-v'>
				<div class='left panel-name'>Steps</div>
				<div class='chart-box'>
					<canvas id='grandchild-analysis' width='100' height='80'></canvas>
				</div>
				<div class='block text-small'>
					<span class='tooltipped' data-position='top' data-tooltip='57.143%'><span class='strong'>12</span> step(s) passed</span>
				</div>
				<div class='block text-small'>
					<span class='strong tooltipped' data-position='top' data-tooltip='28.571%'>6</span> step(s) failed, <span class='strong tooltipped' data-position='top' data-tooltip='14.286%'>3</span> others
				</div>
			</div>
		</div>
	</div>
</div>

	<div class='subview-left left'>
		
		<div class='view-summary'>
			<h5>Features</h5>
			<ul id='test-collection' class='test-collection'>
				
				
				<li class='test displayed active has-leaf fail' status='fail' bdd='true' test-id='1'>
					<div class='test-heading'>
						<span class='test-name'>TopMenu</span>
						<span class='test-time'>May 14, 2023 07:51:09 PM</span>
						<span class='test-status right fail'>fail</span>
					</div>
					<div class='test-content hide'>
<div class='scenariooutline node' test-id='2' status='fail'>
	<span class='duration right label'>0h 8m 37s+501ms</span>
	<div class='desc'>
		<b>ScenarioOutline</b>
		<span class="desc-text">User should page navigation</span>
	</div>
	<ul class='steps'>
		<li test-id='3' class='node scenario fail' status='fail'>
			<div class='category-list'>
				<span class='category label white-text'>@sanity</span>
			</div>
			
			<b>Scenario</b>
			
			<span class="bdd-step-name">User should page navigation</span>
			
				<ul class='steps'>
					<li test-id='4' class='node given pass' status='pass'><b>Given</b>
						<span class="bdd-step-name">Given I am on homepage</span>
							<div class='pre'>passed</div>
					</li>
					<li test-id='5' class='node when pass' status='pass'><b>When</b>
						<span class="bdd-step-name">When I click on tab from TopMenu</span>
							<div class='pre'>passed</div>
					</li>
					<li test-id='6' class='node then fail' status='fail'><b>Then</b>
						<span class="bdd-step-name">Then I navigate to  computer page "Computers"</span>
						<ul class='screenshots right'>
							<li><a data-featherlight="image" href="C:\Users\44741\IdeaProjects\com-nopcommerce-sw6/src/main/java/com/nopcommerce/demo/screenshots/User_should_page_navigation20230514075148.png"><i class='material-icons'>panorama</i></a></li>
						</ul>
							<div class='pre'><pre>org.openqa.selenium.NoSuchElementException: no such element: Unable to locate element: {"method":"xpath","selector":"//h1[contains(text(),'Computers')]"}
  (Session info: chrome=113.0.5672.93)
For documentation on this error, please visit: https://selenium.dev/exceptions/#no_such_element
Build info: version: '4.9.0', revision: 'd7057100a6'
System info: os.name: 'Windows 10', os.arch: 'amd64', os.version: '10.0', java.version: '1.8.0_121'
Driver info: org.openqa.selenium.chrome.ChromeDriver
Command: [7eb9eaeef29071e90d65265eccd5b2d8, findElement {using=xpath, value=//h1[contains(text(),'Computers')]}]
Capabilities {acceptInsecureCerts: false, browserName: chrome, browserVersion: 113.0.5672.93, chrome: {chromedriverVersion: 113.0.5672.63 (0e1a4471d5ae..., userDataDir: C:\Users\44741\AppData\Loca...}, goog:chromeOptions: {debuggerAddress: localhost:50194}, networkConnectionEnabled: false, pageLoadStrategy: normal, platformName: WINDOWS, proxy: Proxy(), se:cdp: ws://localhost:50194/devtoo..., se:cdpVersion: 113.0.5672.93, setWindowRect: true, strictFileInteractability: false, timeouts: {implicit: 0, pageLoad: 300000, script: 30000}, unhandledPromptBehavior: dismiss and notify, webauthn:extension:credBlob: true, webauthn:extension:largeBlob: true, webauthn:extension:minPinLength: true, webauthn:extension:prf: true, webauthn:virtualAuthenticators: true}
Session ID: 7eb9eaeef29071e90d65265eccd5b2d8
	at sun.reflect.NativeConstructorAccessorImpl.newInstance0(Native Method)
	at sun.reflect.NativeConstructorAccessorImpl.newInstance(NativeConstructorAccessorImpl.java:62)
	at sun.reflect.DelegatingConstructorAccessorImpl.newInstance(DelegatingConstructorAccessorImpl.java:45)
	at java.lang.reflect.Constructor.newInstance(Constructor.java:423)
	at org.openqa.selenium.remote.codec.w3c.W3CHttpResponseCodec.createException(W3CHttpResponseCodec.java:200)
	at org.openqa.selenium.remote.codec.w3c.W3CHttpResponseCodec.decode(W3CHttpResponseCodec.java:133)
	at org.openqa.selenium.remote.codec.w3c.W3CHttpResponseCodec.decode(W3CHttpResponseCodec.java:53)
	at org.openqa.selenium.remote.HttpCommandExecutor.execute(HttpCommandExecutor.java:193)
	at org.openqa.selenium.remote.service.DriverCommandExecutor.invokeExecute(DriverCommandExecutor.java:183)
	at org.openqa.selenium.remote.service.DriverCommandExecutor.execute(DriverCommandExecutor.java:158)
	at org.openqa.selenium.remote.RemoteWebDriver.execute(RemoteWebDriver.java:543)
	at org.openqa.selenium.remote.ElementLocation$ElementFinder$2.findElement(ElementLocation.java:162)
	at org.openqa.selenium.remote.ElementLocation.findElement(ElementLocation.java:60)
	at org.openqa.selenium.remote.RemoteWebDriver.findElement(RemoteWebDriver.java:352)
	at org.openqa.selenium.remote.RemoteWebDriver.findElement(RemoteWebDriver.java:344)
	at org.openqa.selenium.support.pagefactory.DefaultElementLocator.findElement(DefaultElementLocator.java:70)
	at org.openqa.selenium.support.pagefactory.internal.LocatingElementHandler.invoke(LocatingElementHandler.java:39)
	at com.sun.proxy.$Proxy24.getText(Unknown Source)
	at com.nopcommerce.demo.utility.Utility.getTextFromElement(Utility.java:62)
	at com.nopcommerce.demo.pages.ComputerPage.verifyComputerText(ComputerPage.java:29)
	at com.nopcommerce.demo.steps.TopMenuSteps.iNavigateToComputerPage(TopMenuSteps.java:30)
	at ✽.Then I navigate to  computer page "Computers"(TopMenu.feature:7)
</pre></div>
					</li>
				</ul>
		</li>
		<li test-id='7' class='node scenario fail' status='fail'>
			<div class='category-list'>
				<span class='category label white-text'>@sanity</span>
			</div>
			
			<b>Scenario</b>
			
			<span class="bdd-step-name">User should page navigation</span>
			
				<ul class='steps'>
					<li test-id='8' class='node given pass' status='pass'><b>Given</b>
						<span class="bdd-step-name">Given I am on homepage</span>
							<div class='pre'>passed</div>
					</li>
					<li test-id='9' class='node when pass' status='pass'><b>When</b>
						<span class="bdd-step-name">When I click on tab from TopMenu</span>
							<div class='pre'>passed</div>
					</li>
					<li test-id='10' class='node then fail' status='fail'><b>Then</b>
						<span class="bdd-step-name">Then I navigate to  computer page "Electronics"</span>
						<ul class='screenshots right'>
							<li><a data-featherlight="image" href="C:\Users\44741\IdeaProjects\com-nopcommerce-sw6/src/main/java/com/nopcommerce/demo/screenshots/User_should_page_navigation20230514075217.png"><i class='material-icons'>panorama</i></a></li>
						</ul>
							<div class='pre'><pre>org.openqa.selenium.NoSuchElementException: no such element: Unable to locate element: {"method":"xpath","selector":"//h1[contains(text(),'Computers')]"}
  (Session info: chrome=113.0.5672.93)
For documentation on this error, please visit: https://selenium.dev/exceptions/#no_such_element
Build info: version: '4.9.0', revision: 'd7057100a6'
System info: os.name: 'Windows 10', os.arch: 'amd64', os.version: '10.0', java.version: '1.8.0_121'
Driver info: org.openqa.selenium.chrome.ChromeDriver
Command: [2cb8c1603a0999999e8748668e58cf03, findElement {using=xpath, value=//h1[contains(text(),'Computers')]}]
Capabilities {acceptInsecureCerts: false, browserName: chrome, browserVersion: 113.0.5672.93, chrome: {chromedriverVersion: 113.0.5672.63 (0e1a4471d5ae..., userDataDir: C:\Users\44741\AppData\Loca...}, goog:chromeOptions: {debuggerAddress: localhost:50223}, networkConnectionEnabled: false, pageLoadStrategy: normal, platformName: WINDOWS, proxy: Proxy(), se:cdp: ws://localhost:50223/devtoo..., se:cdpVersion: 113.0.5672.93, setWindowRect: true, strictFileInteractability: false, timeouts: {implicit: 0, pageLoad: 300000, script: 30000}, unhandledPromptBehavior: dismiss and notify, webauthn:extension:credBlob: true, webauthn:extension:largeBlob: true, webauthn:extension:minPinLength: true, webauthn:extension:prf: true, webauthn:virtualAuthenticators: true}
Session ID: 2cb8c1603a0999999e8748668e58cf03
	at sun.reflect.NativeConstructorAccessorImpl.newInstance0(Native Method)
	at sun.reflect.NativeConstructorAccessorImpl.newInstance(NativeConstructorAccessorImpl.java:62)
	at sun.reflect.DelegatingConstructorAccessorImpl.newInstance(DelegatingConstructorAccessorImpl.java:45)
	at java.lang.reflect.Constructor.newInstance(Constructor.java:423)
	at org.openqa.selenium.remote.codec.w3c.W3CHttpResponseCodec.createException(W3CHttpResponseCodec.java:200)
	at org.openqa.selenium.remote.codec.w3c.W3CHttpResponseCodec.decode(W3CHttpResponseCodec.java:133)
	at org.openqa.selenium.remote.codec.w3c.W3CHttpResponseCodec.decode(W3CHttpResponseCodec.java:53)
	at org.openqa.selenium.remote.HttpCommandExecutor.execute(HttpCommandExecutor.java:193)
	at org.openqa.selenium.remote.service.DriverCommandExecutor.invokeExecute(DriverCommandExecutor.java:183)
	at org.openqa.selenium.remote.service.DriverCommandExecutor.execute(DriverCommandExecutor.java:158)
	at org.openqa.selenium.remote.RemoteWebDriver.execute(RemoteWebDriver.java:543)
	at org.openqa.selenium.remote.ElementLocation$ElementFinder$2.findElement(ElementLocation.java:162)
	at org.openqa.selenium.remote.ElementLocation.findElement(ElementLocation.java:60)
	at org.openqa.selenium.remote.RemoteWebDriver.findElement(RemoteWebDriver.java:352)
	at org.openqa.selenium.remote.RemoteWebDriver.findElement(RemoteWebDriver.java:344)
	at org.openqa.selenium.support.pagefactory.DefaultElementLocator.findElement(DefaultElementLocator.java:70)
	at org.openqa.selenium.support.pagefactory.internal.LocatingElementHandler.invoke(LocatingElementHandler.java:39)
	at com.sun.proxy.$Proxy24.getText(Unknown Source)
	at com.nopcommerce.demo.utility.Utility.getTextFromElement(Utility.java:62)
	at com.nopcommerce.demo.pages.ComputerPage.verifyComputerText(ComputerPage.java:29)
	at com.nopcommerce.demo.steps.TopMenuSteps.iNavigateToComputerPage(TopMenuSteps.java:30)
	at ✽.Then I navigate to  computer page "Electronics"(TopMenu.feature:7)
</pre></div>
					</li>
				</ul>
		</li>
		<li test-id='11' class='node scenario fail' status='fail'>
			<div class='category-list'>
				<span class='category label white-text'>@sanity</span>
			</div>
			
			<b>Scenario</b>
			
			<span class="bdd-step-name">User should page navigation</span>
			
				<ul class='steps'>
					<li test-id='12' class='node given pass' status='pass'><b>Given</b>
						<span class="bdd-step-name">Given I am on homepage</span>
							<div class='pre'>passed</div>
					</li>
					<li test-id='13' class='node when pass' status='pass'><b>When</b>
						<span class="bdd-step-name">When I click on tab from TopMenu</span>
							<div class='pre'>passed</div>
					</li>
					<li test-id='14' class='node then fail' status='fail'><b>Then</b>
						<span class="bdd-step-name">Then I navigate to  computer page "Allarel"</span>
							<div class='pre'><pre>org.openqa.selenium.NoSuchElementException: Unable to find element with locator By.xpath: //h1[contains(text(),'Computers')]
For documentation on this error, please visit: https://selenium.dev/exceptions/#no_such_element
Build info: version: '4.9.0', revision: 'd7057100a6'
System info: os.name: 'Windows 10', os.arch: 'amd64', os.version: '10.0', java.version: '1.8.0_121'
Driver info: driver.version: RemoteWebDriver
	at org.openqa.selenium.remote.ElementLocation$ElementFinder$2.findElement(ElementLocation.java:165)
	at org.openqa.selenium.remote.ElementLocation.findElement(ElementLocation.java:60)
	at org.openqa.selenium.remote.RemoteWebDriver.findElement(RemoteWebDriver.java:352)
	at org.openqa.selenium.remote.RemoteWebDriver.findElement(RemoteWebDriver.java:344)
	at org.openqa.selenium.support.pagefactory.DefaultElementLocator.findElement(DefaultElementLocator.java:70)
	at org.openqa.selenium.support.pagefactory.internal.LocatingElementHandler.invoke(LocatingElementHandler.java:39)
	at com.sun.proxy.$Proxy24.getText(Unknown Source)
	at com.nopcommerce.demo.utility.Utility.getTextFromElement(Utility.java:62)
	at com.nopcommerce.demo.pages.ComputerPage.verifyComputerText(ComputerPage.java:29)
	at com.nopcommerce.demo.steps.TopMenuSteps.iNavigateToComputerPage(TopMenuSteps.java:30)
	at ✽.Then I navigate to  computer page "Allarel"(TopMenu.feature:7)
</pre></div>
					</li>
				</ul>
		</li>
		<li test-id='15' class='node scenario fail' status='fail'>
			<div class='category-list'>
				<span class='category label white-text'>@sanity</span>
			</div>
			
			<b>Scenario</b>
			
			<span class="bdd-step-name">User should page navigation</span>
			
				<ul class='steps'>
					<li test-id='16' class='node given pass' status='pass'><b>Given</b>
						<span class="bdd-step-name">Given I am on homepage</span>
							<div class='pre'>passed</div>
					</li>
					<li test-id='17' class='node when pass' status='pass'><b>When</b>
						<span class="bdd-step-name">When I click on tab from TopMenu</span>
							<div class='pre'>passed</div>
					</li>
					<li test-id='18' class='node then fail' status='fail'><b>Then</b>
						<span class="bdd-step-name">Then I navigate to  computer page "Digital downloads"</span>
						<ul class='screenshots right'>
							<li><a data-featherlight="image" href="C:\Users\44741\IdeaProjects\com-nopcommerce-sw6/src/main/java/com/nopcommerce/demo/screenshots/User_should_page_navigation20230514075413.png"><i class='material-icons'>panorama</i></a></li>
						</ul>
							<div class='pre'><pre>org.openqa.selenium.NoSuchElementException: no such element: Unable to locate element: {"method":"xpath","selector":"//h1[contains(text(),'Computers')]"}
  (Session info: chrome=113.0.5672.93)
For documentation on this error, please visit: https://selenium.dev/exceptions/#no_such_element
Build info: version: '4.9.0', revision: 'd7057100a6'
System info: os.name: 'Windows 10', os.arch: 'amd64', os.version: '10.0', java.version: '1.8.0_121'
Driver info: org.openqa.selenium.chrome.ChromeDriver
Command: [996934f069a1f4de2ce7cc6cb13740fb, findElement {using=xpath, value=//h1[contains(text(),'Computers')]}]
Capabilities {acceptInsecureCerts: false, browserName: chrome, browserVersion: 113.0.5672.93, chrome: {chromedriverVersion: 113.0.5672.63 (0e1a4471d5ae..., userDataDir: C:\Users\44741\AppData\Loca...}, goog:chromeOptions: {debuggerAddress: localhost:50279}, networkConnectionEnabled: false, pageLoadStrategy: normal, platformName: WINDOWS, proxy: Proxy(), se:cdp: ws://localhost:50279/devtoo..., se:cdpVersion: 113.0.5672.93, setWindowRect: true, strictFileInteractability: false, timeouts: {implicit: 0, pageLoad: 300000, script: 30000}, unhandledPromptBehavior: dismiss and notify, webauthn:extension:credBlob: true, webauthn:extension:largeBlob: true, webauthn:extension:minPinLength: true, webauthn:extension:prf: true, webauthn:virtualAuthenticators: true}
Session ID: 996934f069a1f4de2ce7cc6cb13740fb
	at sun.reflect.NativeConstructorAccessorImpl.newInstance0(Native Method)
	at sun.reflect.NativeConstructorAccessorImpl.newInstance(NativeConstructorAccessorImpl.java:62)
	at sun.reflect.DelegatingConstructorAccessorImpl.newInstance(DelegatingConstructorAccessorImpl.java:45)
	at java.lang.reflect.Constructor.newInstance(Constructor.java:423)
	at org.openqa.selenium.remote.codec.w3c.W3CHttpResponseCodec.createException(W3CHttpResponseCodec.java:200)
	at org.openqa.selenium.remote.codec.w3c.W3CHttpResponseCodec.decode(W3CHttpResponseCodec.java:133)
	at org.openqa.selenium.remote.codec.w3c.W3CHttpResponseCodec.decode(W3CHttpResponseCodec.java:53)
	at org.openqa.selenium.remote.HttpCommandExecutor.execute(HttpCommandExecutor.java:193)
	at org.openqa.selenium.remote.service.DriverCommandExecutor.invokeExecute(DriverCommandExecutor.java:183)
	at org.openqa.selenium.remote.service.DriverCommandExecutor.execute(DriverCommandExecutor.java:158)
	at org.openqa.selenium.remote.RemoteWebDriver.execute(RemoteWebDriver.java:543)
	at org.openqa.selenium.remote.ElementLocation$ElementFinder$2.findElement(ElementLocation.java:162)
	at org.openqa.selenium.remote.ElementLocation.findElement(ElementLocation.java:60)
	at org.openqa.selenium.remote.RemoteWebDriver.findElement(RemoteWebDriver.java:352)
	at org.openqa.selenium.remote.RemoteWebDriver.findElement(RemoteWebDriver.java:344)
	at org.openqa.selenium.support.pagefactory.DefaultElementLocator.findElement(DefaultElementLocator.java:70)
	at org.openqa.selenium.support.pagefactory.internal.LocatingElementHandler.invoke(LocatingElementHandler.java:39)
	at com.sun.proxy.$Proxy24.getText(Unknown Source)
	at com.nopcommerce.demo.utility.Utility.getTextFromElement(Utility.java:62)
	at com.nopcommerce.demo.pages.ComputerPage.verifyComputerText(ComputerPage.java:29)
	at com.nopcommerce.demo.steps.TopMenuSteps.iNavigateToComputerPage(TopMenuSteps.java:30)
	at ✽.Then I navigate to  computer page "Digital downloads"(TopMenu.feature:7)
</pre></div>
					</li>
				</ul>
		</li>
		<li test-id='19' class='node scenario fail' status='fail'>
			<div class='category-list'>
				<span class='category label white-text'>@sanity</span>
			</div>
			
			<b>Scenario</b>
			
			<span class="bdd-step-name">User should page navigation</span>
			
				<ul class='steps'>
					<li test-id='20' class='node given pass' status='pass'><b>Given</b>
						<span class="bdd-step-name">Given I am on homepage</span>
							<div class='pre'>passed</div>
					</li>
					<li test-id='21' class='node when pass' status='pass'><b>When</b>
						<span class="bdd-step-name">When I click on tab from TopMenu</span>
							<div class='pre'>passed</div>
					</li>
					<li test-id='22' class='node then fail' status='fail'><b>Then</b>
						<span class="bdd-step-name">Then I navigate to  computer page "Books"</span>
						<ul class='screenshots right'>
							<li><a data-featherlight="image" href="C:\Users\44741\IdeaProjects\com-nopcommerce-sw6/src/main/java/com/nopcommerce/demo/screenshots/User_should_page_navigation20230514075559.png"><i class='material-icons'>panorama</i></a></li>
						</ul>
							<div class='pre'><pre>org.openqa.selenium.NoSuchElementException: no such element: Unable to locate element: {"method":"xpath","selector":"//h1[contains(text(),'Computers')]"}
  (Session info: chrome=113.0.5672.93)
For documentation on this error, please visit: https://selenium.dev/exceptions/#no_such_element
Build info: version: '4.9.0', revision: 'd7057100a6'
System info: os.name: 'Windows 10', os.arch: 'amd64', os.version: '10.0', java.version: '1.8.0_121'
Driver info: org.openqa.selenium.chrome.ChromeDriver
Command: [36785ca559a42e58fe98b5dec33598fe, findElement {using=xpath, value=//h1[contains(text(),'Computers')]}]
Capabilities {acceptInsecureCerts: false, browserName: chrome, browserVersion: 113.0.5672.93, chrome: {chromedriverVersion: 113.0.5672.63 (0e1a4471d5ae..., userDataDir: C:\Users\44741\AppData\Loca...}, goog:chromeOptions: {debuggerAddress: localhost:50366}, networkConnectionEnabled: false, pageLoadStrategy: normal, platformName: WINDOWS, proxy: Proxy(), se:cdp: ws://localhost:50366/devtoo..., se:cdpVersion: 113.0.5672.93, setWindowRect: true, strictFileInteractability: false, timeouts: {implicit: 0, pageLoad: 300000, script: 30000}, unhandledPromptBehavior: dismiss and notify, webauthn:extension:credBlob: true, webauthn:extension:largeBlob: true, webauthn:extension:minPinLength: true, webauthn:extension:prf: true, webauthn:virtualAuthenticators: true}
Session ID: 36785ca559a42e58fe98b5dec33598fe
	at sun.reflect.NativeConstructorAccessorImpl.newInstance0(Native Method)
	at sun.reflect.NativeConstructorAccessorImpl.newInstance(NativeConstructorAccessorImpl.java:62)
	at sun.reflect.DelegatingConstructorAccessorImpl.newInstance(DelegatingConstructorAccessorImpl.java:45)
	at java.lang.reflect.Constructor.newInstance(Constructor.java:423)
	at org.openqa.selenium.remote.codec.w3c.W3CHttpResponseCodec.createException(W3CHttpResponseCodec.java:200)
	at org.openqa.selenium.remote.codec.w3c.W3CHttpResponseCodec.decode(W3CHttpResponseCodec.java:133)
	at org.openqa.selenium.remote.codec.w3c.W3CHttpResponseCodec.decode(W3CHttpResponseCodec.java:53)
	at org.openqa.selenium.remote.HttpCommandExecutor.execute(HttpCommandExecutor.java:193)
	at org.openqa.selenium.remote.service.DriverCommandExecutor.invokeExecute(DriverCommandExecutor.java:183)
	at org.openqa.selenium.remote.service.DriverCommandExecutor.execute(DriverCommandExecutor.java:158)
	at org.openqa.selenium.remote.RemoteWebDriver.execute(RemoteWebDriver.java:543)
	at org.openqa.selenium.remote.ElementLocation$ElementFinder$2.findElement(ElementLocation.java:162)
	at org.openqa.selenium.remote.ElementLocation.findElement(ElementLocation.java:60)
	at org.openqa.selenium.remote.RemoteWebDriver.findElement(RemoteWebDriver.java:352)
	at org.openqa.selenium.remote.RemoteWebDriver.findElement(RemoteWebDriver.java:344)
	at org.openqa.selenium.support.pagefactory.DefaultElementLocator.findElement(DefaultElementLocator.java:70)
	at org.openqa.selenium.support.pagefactory.internal.LocatingElementHandler.invoke(LocatingElementHandler.java:39)
	at com.sun.proxy.$Proxy24.getText(Unknown Source)
	at com.nopcommerce.demo.utility.Utility.getTextFromElement(Utility.java:62)
	at com.nopcommerce.demo.pages.ComputerPage.verifyComputerText(ComputerPage.java:29)
	at com.nopcommerce.demo.steps.TopMenuSteps.iNavigateToComputerPage(TopMenuSteps.java:30)
	at ✽.Then I navigate to  computer page "Books"(TopMenu.feature:7)
</pre></div>
					</li>
				</ul>
		</li>
		<li test-id='23' class='node scenario fail' status='fail'>
			<div class='category-list'>
				<span class='category label white-text'>@sanity</span>
			</div>
			
			<b>Scenario</b>
			
			<span class="bdd-step-name">User should page navigation</span>
			
				<ul class='steps'>
					<li test-id='24' class='node given pass' status='pass'><b>Given</b>
						<span class="bdd-step-name">Given I am on homepage</span>
							<div class='pre'>passed</div>
					</li>
					<li test-id='25' class='node when pass' status='pass'><b>When</b>
						<span class="bdd-step-name">When I click on tab from TopMenu</span>
							<div class='pre'>passed</div>
					</li>
					<li test-id='26' class='node then fail' status='fail'><b>Then</b>
						<span class="bdd-step-name">Then I navigate to  computer page "Jewelry"</span>
							<div class='pre'><pre>org.openqa.selenium.NoSuchElementException: Unable to find element with locator By.xpath: //h1[contains(text(),'Computers')]
For documentation on this error, please visit: https://selenium.dev/exceptions/#no_such_element
Build info: version: '4.9.0', revision: 'd7057100a6'
System info: os.name: 'Windows 10', os.arch: 'amd64', os.version: '10.0', java.version: '1.8.0_121'
Driver info: driver.version: RemoteWebDriver
	at org.openqa.selenium.remote.ElementLocation$ElementFinder$2.findElement(ElementLocation.java:165)
	at org.openqa.selenium.remote.ElementLocation.findElement(ElementLocation.java:60)
	at org.openqa.selenium.remote.RemoteWebDriver.findElement(RemoteWebDriver.java:352)
	at org.openqa.selenium.remote.RemoteWebDriver.findElement(RemoteWebDriver.java:344)
	at org.openqa.selenium.support.pagefactory.DefaultElementLocator.findElement(DefaultElementLocator.java:70)
	at org.openqa.selenium.support.pagefactory.internal.LocatingElementHandler.invoke(LocatingElementHandler.java:39)
	at com.sun.proxy.$Proxy24.getText(Unknown Source)
	at com.nopcommerce.demo.utility.Utility.getTextFromElement(Utility.java:62)
	at com.nopcommerce.demo.pages.ComputerPage.verifyComputerText(ComputerPage.java:29)
	at com.nopcommerce.demo.steps.TopMenuSteps.iNavigateToComputerPage(TopMenuSteps.java:30)
	at ✽.Then I navigate to  computer page "Jewelry"(TopMenu.feature:7)
</pre></div>
					</li>
				</ul>
		</li>
		<li test-id='27' class='node scenario skip' status='skip'>
			<div class='category-list'>
				<span class='category label white-text'>@sanity</span>
			</div>
			
			<b>Scenario</b>
			
			<span class="bdd-step-name">User should page navigation</span>
			
				<ul class='steps'>
					<li test-id='28' class='node given skip' status='skip'><b>Given</b>
						<span class="bdd-step-name">Given I am on homepage</span>
							<div class='pre'>skipped</div>
					</li>
					<li test-id='29' class='node when skip' status='skip'><b>When</b>
						<span class="bdd-step-name">When I click on tab from TopMenu</span>
							<div class='pre'>skipped</div>
					</li>
					<li test-id='30' class='node then skip' status='skip'><b>Then</b>
						<span class="bdd-step-name">Then I navigate to  computer page "Gift card"</span>
							<div class='pre'>skipped</div>
					</li>
				</ul>
		</li>
	</ul>
</div>
					</div>
				</li>
			</ul>
		</div>
	</div>
	<!-- subview left -->

	<div class='subview-right left'>
		<div class='view-summary'>
			<h5 class='test-name'></h5>

			<div id='step-filters' class="right">
				<span class="blue-text" status="info" alt="info" title="info"><i class="material-icons">info_outline</i></span>
				<span class="green-text" status="pass" alt="pass" title="pass"><i class="material-icons">check_circle</i></span>
				<span class="red-text" status="fail" alt="fail" title="fail"><i class="material-icons">cancel</i></span>
				<span class="red-text text-darken-4" status="fatal" alt="fatal" title="fatal"><i class="material-icons">cancel</i></span>
				<span class="pink-text text-lighten-1" status="error" alt="error" title="error"><i class="material-icons">error</i></span>
				<span class="orange-text" alt="warning" status="warning" title="warning"><i class="material-icons">warning</i></span>
				<span class="teal-text" status="skip" alt="skip" title="skip"><i class="material-icons">redo</i></span>
				<span status="clear" alt="Clear filters" title="Clear filters"><i class="material-icons">clear</i></span>
			</div>
		</div>
	</div>
	<!-- subview right -->

</div>
<!-- test view -->
<div id='category-view' class='view hide'>

	<section id='controls'>
		<div class='controls grey lighten-4'>
			<!-- search -->
			<div class='chip transparent' alt='Search Tests' title='Search Tests'>
				<a href="#" class='search-div'>
					<i class='material-icons'>search</i> Search
				</a>
				
				<div class='input-field left hide'>
					<input id='search-tests' type='text' class='validate browser-default' placeholder='Search Tests...'>
				</div>
				
			</div>
			<!-- search -->
		</div>
	</section>

	<div class='subview-left left'>
		
		<div class='view-summary'>
			<h5>Categories</h3>
			<ul id='category-collection' class='category-collection'>
				
				<li class='category displayed active'>
					<div class='category-heading'>
						<span class='category-name'>@sanity</span>
						<span class='category-status right'>
							<span class='label fail'>6</span>
							<span class='label others'>1</span>
						</span>
					</div>
					<div class='category-content hide'>
						<div class='category-status-counts'>
							
							<span class='label red lighten-1 white-text'>Failed: 6</span>
							<span class='label yellow darken-2 white-text'>Others: 1</span>
						</div>
					
						<div class='category-tests'>
							<table class='bordered table-results'>
								<thead>
									<tr>
										<th>Timestamp</th>
										<th>TestName</th>
										<th>Status</th>
									</tr>
								</thead>
								<tbody>
									<tr>
										<td>May 14, 2023 07:51:09 PM</td>
										<td class='linked' test-id='3'>TopMenu.User should page navigation.User should page navigation</td>
										<td><span class='test-status fail'>fail</span></td>
									</tr>
									<tr>
										<td>May 14, 2023 07:51:50 PM</td>
										<td class='linked' test-id='7'>TopMenu.User should page navigation.User should page navigation</td>
										<td><span class='test-status fail'>fail</span></td>
									</tr>
									<tr>
										<td>May 14, 2023 07:52:19 PM</td>
										<td class='linked' test-id='11'>TopMenu.User should page navigation.User should page navigation</td>
										<td><span class='test-status fail'>fail</span></td>
									</tr>
									<tr>
										<td>May 14, 2023 07:52:57 PM</td>
										<td class='linked' test-id='15'>TopMenu.User should page navigation.User should page navigation</td>
										<td><span class='test-status fail'>fail</span></td>
									</tr>
									<tr>
										<td>May 14, 2023 07:54:22 PM</td>
										<td class='linked' test-id='19'>TopMenu.User should page navigation.User should page navigation</td>
										<td><span class='test-status fail'>fail</span></td>
									</tr>
									<tr>
										<td>May 14, 2023 07:56:01 PM</td>
										<td class='linked' test-id='23'>TopMenu.User should page navigation.User should page navigation</td>
										<td><span class='test-status fail'>fail</span></td>
									</tr>
									<tr>
										<td>May 14, 2023 07:58:44 PM</td>
										<td class='linked' test-id='27'>TopMenu.User should page navigation.User should page navigation</td>
										<td><span class='test-status skip'>skip</span></td>
									</tr>
								</tbody>
							</table>
						</div>
					</div>
				</li>

			</ul>
		</div>
	</div>

	<div class='subview-right left'>
		<div class='view-summary'>
			<h5 class='category-name'></h5>
		</div>
	</div>
</div>
<!-- category view -->
<div id='exception-view' class='view hide'>

    <section id='controls'>
        <div class='controls grey lighten-4'>
            <!-- search -->
            <div class='chip transparent' alt='Search Tests' title='Search Tests'>
                <a href="#" class='search-div'>
                    <i class='material-icons'>search</i> Search
                </a>

                <div class='input-field left hide'>
                    <input id='search-tests' type='text' class='validate browser-default' placeholder='Search Tests...'>
                </div>

            </div>
            <!-- search -->
        </div>
    </section>

    <div class='subview-left left'>

        <div class='view-summary'>
            <h5>Exceptions</h3>
                <ul id='exception-collection' class='exception-collection'>

                        <li class='exception displayed active'>
                            <div class='exception-heading'>
                                <span class='exception-name'>org.openqa.selenium.NoSuchElementException</span>
                                <span class='exception-count right'><span class='label red lighten-1 white-text'>6</span></span>
                            </div>
                            <div class='exception-content hide'>
                                <div class='exception-tests'>
                                    <table class='bordered table-results'>
                                        <thead>
                                        <tr>
                                            <th>Timestamp</th>
                                            <th>TestName</th>
                                            <th>Status</th>
                                        </tr>
                                        </thead>
                                        <tbody>
                                                    <tr>
                                                        <td>May 14, 2023 07:51:28 PM</td>
                                                        <td class='linked' test-id='6'>TopMenu.User should page navigation.User should page navigation.Then I navigate to  computer page "Computers"</td>
                                                        <td><pre><pre>org.openqa.selenium.NoSuchElementException: no such element: Unable to locate element: {"method":"xpath","selector":"//h1[contains(text(),'Computers')]"}
  (Session info: chrome=113.0.5672.93)
For documentation on this error, please visit: https://selenium.dev/exceptions/#no_such_element
Build info: version: '4.9.0', revision: 'd7057100a6'
System info: os.name: 'Windows 10', os.arch: 'amd64', os.version: '10.0', java.version: '1.8.0_121'
Driver info: org.openqa.selenium.chrome.ChromeDriver
Command: [7eb9eaeef29071e90d65265eccd5b2d8, findElement {using=xpath, value=//h1[contains(text(),'Computers')]}]
Capabilities {acceptInsecureCerts: false, browserName: chrome, browserVersion: 113.0.5672.93, chrome: {chromedriverVersion: 113.0.5672.63 (0e1a4471d5ae..., userDataDir: C:\Users\44741\AppData\Loca...}, goog:chromeOptions: {debuggerAddress: localhost:50194}, networkConnectionEnabled: false, pageLoadStrategy: normal, platformName: WINDOWS, proxy: Proxy(), se:cdp: ws://localhost:50194/devtoo..., se:cdpVersion: 113.0.5672.93, setWindowRect: true, strictFileInteractability: false, timeouts: {implicit: 0, pageLoad: 300000, script: 30000}, unhandledPromptBehavior: dismiss and notify, webauthn:extension:credBlob: true, webauthn:extension:largeBlob: true, webauthn:extension:minPinLength: true, webauthn:extension:prf: true, webauthn:virtualAuthenticators: true}
Session ID: 7eb9eaeef29071e90d65265eccd5b2d8
	at sun.reflect.NativeConstructorAccessorImpl.newInstance0(Native Method)
	at sun.reflect.NativeConstructorAccessorImpl.newInstance(NativeConstructorAccessorImpl.java:62)
	at sun.reflect.DelegatingConstructorAccessorImpl.newInstance(DelegatingConstructorAccessorImpl.java:45)
	at java.lang.reflect.Constructor.newInstance(Constructor.java:423)
	at org.openqa.selenium.remote.codec.w3c.W3CHttpResponseCodec.createException(W3CHttpResponseCodec.java:200)
	at org.openqa.selenium.remote.codec.w3c.W3CHttpResponseCodec.decode(W3CHttpResponseCodec.java:133)
	at org.openqa.selenium.remote.codec.w3c.W3CHttpResponseCodec.decode(W3CHttpResponseCodec.java:53)
	at org.openqa.selenium.remote.HttpCommandExecutor.execute(HttpCommandExecutor.java:193)
	at org.openqa.selenium.remote.service.DriverCommandExecutor.invokeExecute(DriverCommandExecutor.java:183)
	at org.openqa.selenium.remote.service.DriverCommandExecutor.execute(DriverCommandExecutor.java:158)
	at org.openqa.selenium.remote.RemoteWebDriver.execute(RemoteWebDriver.java:543)
	at org.openqa.selenium.remote.ElementLocation$ElementFinder$2.findElement(ElementLocation.java:162)
	at org.openqa.selenium.remote.ElementLocation.findElement(ElementLocation.java:60)
	at org.openqa.selenium.remote.RemoteWebDriver.findElement(RemoteWebDriver.java:352)
	at org.openqa.selenium.remote.RemoteWebDriver.findElement(RemoteWebDriver.java:344)
	at org.openqa.selenium.support.pagefactory.DefaultElementLocator.findElement(DefaultElementLocator.java:70)
	at org.openqa.selenium.support.pagefactory.internal.LocatingElementHandler.invoke(LocatingElementHandler.java:39)
	at com.sun.proxy.$Proxy24.getText(Unknown Source)
	at com.nopcommerce.demo.utility.Utility.getTextFromElement(Utility.java:62)
	at com.nopcommerce.demo.pages.ComputerPage.verifyComputerText(ComputerPage.java:29)
	at com.nopcommerce.demo.steps.TopMenuSteps.iNavigateToComputerPage(TopMenuSteps.java:30)
	at ✽.Then I navigate to  computer page "Computers"(TopMenu.feature:7)
</pre></pre></td>
                                                    </tr>
                                                    <tr>
                                                        <td>May 14, 2023 07:51:57 PM</td>
                                                        <td class='linked' test-id='10'>TopMenu.User should page navigation.User should page navigation.Then I navigate to  computer page "Electronics"</td>
                                                        <td><pre><pre>org.openqa.selenium.NoSuchElementException: no such element: Unable to locate element: {"method":"xpath","selector":"//h1[contains(text(),'Computers')]"}
  (Session info: chrome=113.0.5672.93)
For documentation on this error, please visit: https://selenium.dev/exceptions/#no_such_element
Build info: version: '4.9.0', revision: 'd7057100a6'
System info: os.name: 'Windows 10', os.arch: 'amd64', os.version: '10.0', java.version: '1.8.0_121'
Driver info: org.openqa.selenium.chrome.ChromeDriver
Command: [2cb8c1603a0999999e8748668e58cf03, findElement {using=xpath, value=//h1[contains(text(),'Computers')]}]
Capabilities {acceptInsecureCerts: false, browserName: chrome, browserVersion: 113.0.5672.93, chrome: {chromedriverVersion: 113.0.5672.63 (0e1a4471d5ae..., userDataDir: C:\Users\44741\AppData\Loca...}, goog:chromeOptions: {debuggerAddress: localhost:50223}, networkConnectionEnabled: false, pageLoadStrategy: normal, platformName: WINDOWS, proxy: Proxy(), se:cdp: ws://localhost:50223/devtoo..., se:cdpVersion: 113.0.5672.93, setWindowRect: true, strictFileInteractability: false, timeouts: {implicit: 0, pageLoad: 300000, script: 30000}, unhandledPromptBehavior: dismiss and notify, webauthn:extension:credBlob: true, webauthn:extension:largeBlob: true, webauthn:extension:minPinLength: true, webauthn:extension:prf: true, webauthn:virtualAuthenticators: true}
Session ID: 2cb8c1603a0999999e8748668e58cf03
	at sun.reflect.NativeConstructorAccessorImpl.newInstance0(Native Method)
	at sun.reflect.NativeConstructorAccessorImpl.newInstance(NativeConstructorAccessorImpl.java:62)
	at sun.reflect.DelegatingConstructorAccessorImpl.newInstance(DelegatingConstructorAccessorImpl.java:45)
	at java.lang.reflect.Constructor.newInstance(Constructor.java:423)
	at org.openqa.selenium.remote.codec.w3c.W3CHttpResponseCodec.createException(W3CHttpResponseCodec.java:200)
	at org.openqa.selenium.remote.codec.w3c.W3CHttpResponseCodec.decode(W3CHttpResponseCodec.java:133)
	at org.openqa.selenium.remote.codec.w3c.W3CHttpResponseCodec.decode(W3CHttpResponseCodec.java:53)
	at org.openqa.selenium.remote.HttpCommandExecutor.execute(HttpCommandExecutor.java:193)
	at org.openqa.selenium.remote.service.DriverCommandExecutor.invokeExecute(DriverCommandExecutor.java:183)
	at org.openqa.selenium.remote.service.DriverCommandExecutor.execute(DriverCommandExecutor.java:158)
	at org.openqa.selenium.remote.RemoteWebDriver.execute(RemoteWebDriver.java:543)
	at org.openqa.selenium.remote.ElementLocation$ElementFinder$2.findElement(ElementLocation.java:162)
	at org.openqa.selenium.remote.ElementLocation.findElement(ElementLocation.java:60)
	at org.openqa.selenium.remote.RemoteWebDriver.findElement(RemoteWebDriver.java:352)
	at org.openqa.selenium.remote.RemoteWebDriver.findElement(RemoteWebDriver.java:344)
	at org.openqa.selenium.support.pagefactory.DefaultElementLocator.findElement(DefaultElementLocator.java:70)
	at org.openqa.selenium.support.pagefactory.internal.LocatingElementHandler.invoke(LocatingElementHandler.java:39)
	at com.sun.proxy.$Proxy24.getText(Unknown Source)
	at com.nopcommerce.demo.utility.Utility.getTextFromElement(Utility.java:62)
	at com.nopcommerce.demo.pages.ComputerPage.verifyComputerText(ComputerPage.java:29)
	at com.nopcommerce.demo.steps.TopMenuSteps.iNavigateToComputerPage(TopMenuSteps.java:30)
	at ✽.Then I navigate to  computer page "Electronics"(TopMenu.feature:7)
</pre></pre></td>
                                                    </tr>
                                                    <tr>
                                                        <td>May 14, 2023 07:52:40 PM</td>
                                                        <td class='linked' test-id='14'>TopMenu.User should page navigation.User should page navigation.Then I navigate to  computer page "Allarel"</td>
                                                        <td><pre><pre>org.openqa.selenium.NoSuchElementException: Unable to find element with locator By.xpath: //h1[contains(text(),'Computers')]
For documentation on this error, please visit: https://selenium.dev/exceptions/#no_such_element
Build info: version: '4.9.0', revision: 'd7057100a6'
System info: os.name: 'Windows 10', os.arch: 'amd64', os.version: '10.0', java.version: '1.8.0_121'
Driver info: driver.version: RemoteWebDriver
	at org.openqa.selenium.remote.ElementLocation$ElementFinder$2.findElement(ElementLocation.java:165)
	at org.openqa.selenium.remote.ElementLocation.findElement(ElementLocation.java:60)
	at org.openqa.selenium.remote.RemoteWebDriver.findElement(RemoteWebDriver.java:352)
	at org.openqa.selenium.remote.RemoteWebDriver.findElement(RemoteWebDriver.java:344)
	at org.openqa.selenium.support.pagefactory.DefaultElementLocator.findElement(DefaultElementLocator.java:70)
	at org.openqa.selenium.support.pagefactory.internal.LocatingElementHandler.invoke(LocatingElementHandler.java:39)
	at com.sun.proxy.$Proxy24.getText(Unknown Source)
	at com.nopcommerce.demo.utility.Utility.getTextFromElement(Utility.java:62)
	at com.nopcommerce.demo.pages.ComputerPage.verifyComputerText(ComputerPage.java:29)
	at com.nopcommerce.demo.steps.TopMenuSteps.iNavigateToComputerPage(TopMenuSteps.java:30)
	at ✽.Then I navigate to  computer page "Allarel"(TopMenu.feature:7)
</pre></pre></td>
                                                    </tr>
                                                    <tr>
                                                        <td>May 14, 2023 07:53:53 PM</td>
                                                        <td class='linked' test-id='18'>TopMenu.User should page navigation.User should page navigation.Then I navigate to  computer page "Digital downloads"</td>
                                                        <td><pre><pre>org.openqa.selenium.NoSuchElementException: no such element: Unable to locate element: {"method":"xpath","selector":"//h1[contains(text(),'Computers')]"}
  (Session info: chrome=113.0.5672.93)
For documentation on this error, please visit: https://selenium.dev/exceptions/#no_such_element
Build info: version: '4.9.0', revision: 'd7057100a6'
System info: os.name: 'Windows 10', os.arch: 'amd64', os.version: '10.0', java.version: '1.8.0_121'
Driver info: org.openqa.selenium.chrome.ChromeDriver
Command: [996934f069a1f4de2ce7cc6cb13740fb, findElement {using=xpath, value=//h1[contains(text(),'Computers')]}]
Capabilities {acceptInsecureCerts: false, browserName: chrome, browserVersion: 113.0.5672.93, chrome: {chromedriverVersion: 113.0.5672.63 (0e1a4471d5ae..., userDataDir: C:\Users\44741\AppData\Loca...}, goog:chromeOptions: {debuggerAddress: localhost:50279}, networkConnectionEnabled: false, pageLoadStrategy: normal, platformName: WINDOWS, proxy: Proxy(), se:cdp: ws://localhost:50279/devtoo..., se:cdpVersion: 113.0.5672.93, setWindowRect: true, strictFileInteractability: false, timeouts: {implicit: 0, pageLoad: 300000, script: 30000}, unhandledPromptBehavior: dismiss and notify, webauthn:extension:credBlob: true, webauthn:extension:largeBlob: true, webauthn:extension:minPinLength: true, webauthn:extension:prf: true, webauthn:virtualAuthenticators: true}
Session ID: 996934f069a1f4de2ce7cc6cb13740fb
	at sun.reflect.NativeConstructorAccessorImpl.newInstance0(Native Method)
	at sun.reflect.NativeConstructorAccessorImpl.newInstance(NativeConstructorAccessorImpl.java:62)
	at sun.reflect.DelegatingConstructorAccessorImpl.newInstance(DelegatingConstructorAccessorImpl.java:45)
	at java.lang.reflect.Constructor.newInstance(Constructor.java:423)
	at org.openqa.selenium.remote.codec.w3c.W3CHttpResponseCodec.createException(W3CHttpResponseCodec.java:200)
	at org.openqa.selenium.remote.codec.w3c.W3CHttpResponseCodec.decode(W3CHttpResponseCodec.java:133)
	at org.openqa.selenium.remote.codec.w3c.W3CHttpResponseCodec.decode(W3CHttpResponseCodec.java:53)
	at org.openqa.selenium.remote.HttpCommandExecutor.execute(HttpCommandExecutor.java:193)
	at org.openqa.selenium.remote.service.DriverCommandExecutor.invokeExecute(DriverCommandExecutor.java:183)
	at org.openqa.selenium.remote.service.DriverCommandExecutor.execute(DriverCommandExecutor.java:158)
	at org.openqa.selenium.remote.RemoteWebDriver.execute(RemoteWebDriver.java:543)
	at org.openqa.selenium.remote.ElementLocation$ElementFinder$2.findElement(ElementLocation.java:162)
	at org.openqa.selenium.remote.ElementLocation.findElement(ElementLocation.java:60)
	at org.openqa.selenium.remote.RemoteWebDriver.findElement(RemoteWebDriver.java:352)
	at org.openqa.selenium.remote.RemoteWebDriver.findElement(RemoteWebDriver.java:344)
	at org.openqa.selenium.support.pagefactory.DefaultElementLocator.findElement(DefaultElementLocator.java:70)
	at org.openqa.selenium.support.pagefactory.internal.LocatingElementHandler.invoke(LocatingElementHandler.java:39)
	at com.sun.proxy.$Proxy24.getText(Unknown Source)
	at com.nopcommerce.demo.utility.Utility.getTextFromElement(Utility.java:62)
	at com.nopcommerce.demo.pages.ComputerPage.verifyComputerText(ComputerPage.java:29)
	at com.nopcommerce.demo.steps.TopMenuSteps.iNavigateToComputerPage(TopMenuSteps.java:30)
	at ✽.Then I navigate to  computer page "Digital downloads"(TopMenu.feature:7)
</pre></pre></td>
                                                    </tr>
                                                    <tr>
                                                        <td>May 14, 2023 07:55:39 PM</td>
                                                        <td class='linked' test-id='22'>TopMenu.User should page navigation.User should page navigation.Then I navigate to  computer page "Books"</td>
                                                        <td><pre><pre>org.openqa.selenium.NoSuchElementException: no such element: Unable to locate element: {"method":"xpath","selector":"//h1[contains(text(),'Computers')]"}
  (Session info: chrome=113.0.5672.93)
For documentation on this error, please visit: https://selenium.dev/exceptions/#no_such_element
Build info: version: '4.9.0', revision: 'd7057100a6'
System info: os.name: 'Windows 10', os.arch: 'amd64', os.version: '10.0', java.version: '1.8.0_121'
Driver info: org.openqa.selenium.chrome.ChromeDriver
Command: [36785ca559a42e58fe98b5dec33598fe, findElement {using=xpath, value=//h1[contains(text(),'Computers')]}]
Capabilities {acceptInsecureCerts: false, browserName: chrome, browserVersion: 113.0.5672.93, chrome: {chromedriverVersion: 113.0.5672.63 (0e1a4471d5ae..., userDataDir: C:\Users\44741\AppData\Loca...}, goog:chromeOptions: {debuggerAddress: localhost:50366}, networkConnectionEnabled: false, pageLoadStrategy: normal, platformName: WINDOWS, proxy: Proxy(), se:cdp: ws://localhost:50366/devtoo..., se:cdpVersion: 113.0.5672.93, setWindowRect: true, strictFileInteractability: false, timeouts: {implicit: 0, pageLoad: 300000, script: 30000}, unhandledPromptBehavior: dismiss and notify, webauthn:extension:credBlob: true, webauthn:extension:largeBlob: true, webauthn:extension:minPinLength: true, webauthn:extension:prf: true, webauthn:virtualAuthenticators: true}
Session ID: 36785ca559a42e58fe98b5dec33598fe
	at sun.reflect.NativeConstructorAccessorImpl.newInstance0(Native Method)
	at sun.reflect.NativeConstructorAccessorImpl.newInstance(NativeConstructorAccessorImpl.java:62)
	at sun.reflect.DelegatingConstructorAccessorImpl.newInstance(DelegatingConstructorAccessorImpl.java:45)
	at java.lang.reflect.Constructor.newInstance(Constructor.java:423)
	at org.openqa.selenium.remote.codec.w3c.W3CHttpResponseCodec.createException(W3CHttpResponseCodec.java:200)
	at org.openqa.selenium.remote.codec.w3c.W3CHttpResponseCodec.decode(W3CHttpResponseCodec.java:133)
	at org.openqa.selenium.remote.codec.w3c.W3CHttpResponseCodec.decode(W3CHttpResponseCodec.java:53)
	at org.openqa.selenium.remote.HttpCommandExecutor.execute(HttpCommandExecutor.java:193)
	at org.openqa.selenium.remote.service.DriverCommandExecutor.invokeExecute(DriverCommandExecutor.java:183)
	at org.openqa.selenium.remote.service.DriverCommandExecutor.execute(DriverCommandExecutor.java:158)
	at org.openqa.selenium.remote.RemoteWebDriver.execute(RemoteWebDriver.java:543)
	at org.openqa.selenium.remote.ElementLocation$ElementFinder$2.findElement(ElementLocation.java:162)
	at org.openqa.selenium.remote.ElementLocation.findElement(ElementLocation.java:60)
	at org.openqa.selenium.remote.RemoteWebDriver.findElement(RemoteWebDriver.java:352)
	at org.openqa.selenium.remote.RemoteWebDriver.findElement(RemoteWebDriver.java:344)
	at org.openqa.selenium.support.pagefactory.DefaultElementLocator.findElement(DefaultElementLocator.java:70)
	at org.openqa.selenium.support.pagefactory.internal.LocatingElementHandler.invoke(LocatingElementHandler.java:39)
	at com.sun.proxy.$Proxy24.getText(Unknown Source)
	at com.nopcommerce.demo.utility.Utility.getTextFromElement(Utility.java:62)
	at com.nopcommerce.demo.pages.ComputerPage.verifyComputerText(ComputerPage.java:29)
	at com.nopcommerce.demo.steps.TopMenuSteps.iNavigateToComputerPage(TopMenuSteps.java:30)
	at ✽.Then I navigate to  computer page "Books"(TopMenu.feature:7)
</pre></pre></td>
                                                    </tr>
                                                    <tr>
                                                        <td>May 14, 2023 07:58:20 PM</td>
                                                        <td class='linked' test-id='26'>TopMenu.User should page navigation.User should page navigation.Then I navigate to  computer page "Jewelry"</td>
                                                        <td><pre><pre>org.openqa.selenium.NoSuchElementException: Unable to find element with locator By.xpath: //h1[contains(text(),'Computers')]
For documentation on this error, please visit: https://selenium.dev/exceptions/#no_such_element
Build info: version: '4.9.0', revision: 'd7057100a6'
System info: os.name: 'Windows 10', os.arch: 'amd64', os.version: '10.0', java.version: '1.8.0_121'
Driver info: driver.version: RemoteWebDriver
	at org.openqa.selenium.remote.ElementLocation$ElementFinder$2.findElement(ElementLocation.java:165)
	at org.openqa.selenium.remote.ElementLocation.findElement(ElementLocation.java:60)
	at org.openqa.selenium.remote.RemoteWebDriver.findElement(RemoteWebDriver.java:352)
	at org.openqa.selenium.remote.RemoteWebDriver.findElement(RemoteWebDriver.java:344)
	at org.openqa.selenium.support.pagefactory.DefaultElementLocator.findElement(DefaultElementLocator.java:70)
	at org.openqa.selenium.support.pagefactory.internal.LocatingElementHandler.invoke(LocatingElementHandler.java:39)
	at com.sun.proxy.$Proxy24.getText(Unknown Source)
	at com.nopcommerce.demo.utility.Utility.getTextFromElement(Utility.java:62)
	at com.nopcommerce.demo.pages.ComputerPage.verifyComputerText(ComputerPage.java:29)
	at com.nopcommerce.demo.steps.TopMenuSteps.iNavigateToComputerPage(TopMenuSteps.java:30)
	at ✽.Then I navigate to  computer page "Jewelry"(TopMenu.feature:7)
</pre></pre></td>
                                                    </tr>
                                        </tbody>
                                    </table>
                                </div>
                            </div>
                        </li>
                </ul>
        </div>
    </div>

    <div class='subview-right left'>
        <div class='view-summary'>
            <h5 class='exception-name'></h5>
        </div>
    </div>
</div>
<!-- exception view -->
<div id='dashboard-view' class='view hide'>
	<div class='card-panel transparent np-v'>
		<h5>Dashboard</h5>

		<div class='row'>
			<div class='col s2'>
				<div class='card-panel r'>
					Features
					<div class='panel-lead'>1</div>
				</div>
			</div>
			<div class='col s2'>
				<div class='card-panel r'>
					Scenarios
					<div class='panel-lead'>7</div>
				</div>
			</div>
			<div class='col s2'>
				<div class='card-panel r'>
					Steps
					<div class='panel-lead'>21</div>
				</div>
			</div>
			<div class='col s2'>
				<div class='card-panel r'>
					Start
					<div class='panel-lead'>May 14, 2023 07:51:09 PM</div>
				</div>
			</div>
			<div class='col s2'>
				<div class='card-panel r'>
			 		End
			 		<div class='panel-lead'>May 14, 2023 07:59:47 PM</div>
				</div>
			</div>
			<div class='col s2'>
				<div class='card-panel r'>
					Time Taken
					<div class='panel-lead'>518,021ms</div>
				</div>
			</div>
			<div class='col s6'>
				<div class='card-panel dashboard-categories'>
					<span class='right label cyan white-text'>Categories</span><p>&nbsp;</p>
					
					<table>
						<tr>
							<th>Name</th>
							<th>Passed</th>
							<th>Failed</th>
							<th>Others</th>
							<th>Passed %</th>
						</tr>
						<tr>
							<td>@sanity</td>
							<td>0</td>
							<td>6</td>
							<td>1</td>
							<td>
									0%
							</td>
						</tr>
					</table>
				</div>
			</div>
		</div>
	</div>
</div>
<!-- dashboard view -->
<!-- testrunner-logs view -->
		</div>
		<!-- container -->

		<script>
			var statusGroup = {
				passParent: 0,
				failParent: 1,
				fatalParent: 0,
				errorParent: 0,
				warningParent: 0,
				skipParent: 0,
				exceptionsParent: 1,
				
				passChild: 0,
				failChild: 6,
				fatalChild: 0,
				errorChild: 0,
				warningChild: 0,
				skipChild: 1,
				infoChild: 0,
				exceptionsChild: 7,
				
				passGrandChild: 12,
				failGrandChild: 6,
				fatalGrandChild: 0,
				errorGrandChild: 0,
				warningGrandChild: 0,
				skipGrandChild: 3,
				infoGrandChild: 0,
				exceptionsGrandChild: 9,
			};
		</script>
		
			<script src='https://cdn.rawgit.com/anshooarora/extentreports-java/fca20fb7653aade98810546ab96a2a4360e3e712/dist/js/extent.js' type='text/javascript'></script>
		
		
 		<script type='text/javascript'>
 		</script>
	</body>
	
</html>
